[0m20:10:43.684549 [debug] [MainThread]: Sending event: {'category': 'dbt', 'action': 'invocation', 'label': 'start', 'context': [<snowplow_tracker.self_describing_json.SelfDescribingJson object at 0x7f0786fd6bc0>, <snowplow_tracker.self_describing_json.SelfDescribingJson object at 0x7f0785a9a6e0>, <snowplow_tracker.self_describing_json.SelfDescribingJson object at 0x7f0785a9a650>]}


============================== 20:10:43.687318 | f1e6651b-76ce-4ae3-b6fe-7ce2bfb95a49 ==============================
[0m20:10:43.687318 [info ] [MainThread]: Running with dbt=1.5.1
[0m20:10:43.688131 [debug] [MainThread]: running dbt with arguments {'printer_width': '80', 'indirect_selection': 'eager', 'write_json': 'True', 'log_cache_events': 'False', 'partial_parse': 'True', 'cache_selected_only': 'False', 'profiles_dir': '/home/vscode/.dbt', 'debug': 'False', 'fail_fast': 'False', 'log_path': 'logs', 'warn_error': 'None', 'version_check': 'True', 'use_colors': 'True', 'use_experimental_parser': 'False', 'no_print': 'None', 'quiet': 'False', 'log_format': 'default', 'introspect': 'True', 'static_parser': 'True', 'warn_error_options': 'WarnErrorOptions(include=[], exclude=[])', 'target_path': 'None', 'send_anonymous_usage_stats': 'True'}
[0m20:10:43.688758 [warn ] [MainThread]: [ConfigFolderDirectory]: Unable to parse dict {'dir': PosixPath('/home/vscode/.dbt')}
[0m20:10:43.689292 [info ] [MainThread]: Creating dbt configuration folder at 


============================== 2023-05-30 20:16:30.668710 | 98418084-365f-4116-a2b9-5714a353c088 ==============================
[0m20:16:30.668710 [info ] [MainThread]: Running with dbt=1.4.6
[0m20:16:30.670481 [debug] [MainThread]: running dbt with arguments {'write_json': True, 'use_colors': True, 'printer_width': 80, 'version_check': True, 'partial_parse': True, 'static_parser': True, 'profiles_dir': '/home/vscode/.dbt', 'send_anonymous_usage_stats': True, 'quiet': False, 'no_print': False, 'cache_selected_only': False, 'project_name': 'coffeeshop-dbt-project', 'skip_profile_setup': False, 'which': 'init', 'indirect_selection': 'eager'}
[0m20:16:30.671338 [debug] [MainThread]: Tracking: tracking
[0m20:16:30.673300 [debug] [MainThread]: Sending event: {'category': 'dbt', 'action': 'invocation', 'label': 'start', 'context': [<snowplow_tracker.self_describing_json.SelfDescribingJson object at 0x7f05710bd0c0>, <snowplow_tracker.self_describing_json.SelfDescribingJson object at 0x7f05710bde10>, <snowplow_tracker.self_describing_json.SelfDescribingJson object at 0x7f05710bcc70>]}
[0m20:16:58.948836 [debug] [MainThread]: Starter project path: /home/vscode/.local/lib/python3.10/site-packages/dbt/include/starter_project


============================== 2023-06-02 13:19:42.050880 | 24edc770-2015-4ae7-ac76-984573859c29 ==============================
[0m13:19:42.050880 [info ] [MainThread]: Running with dbt=1.4.6
[0m13:19:42.052861 [debug] [MainThread]: running dbt with arguments {'write_json': True, 'use_colors': True, 'printer_width': 80, 'version_check': True, 'partial_parse': True, 'static_parser': True, 'profiles_dir': '/home/vscode/.dbt', 'send_anonymous_usage_stats': True, 'quiet': False, 'no_print': False, 'cache_selected_only': False, 'project_name': 'coffee_shop_annikaroxanna', 'skip_profile_setup': False, 'which': 'init', 'indirect_selection': 'eager'}
[0m13:19:42.053325 [debug] [MainThread]: Tracking: tracking
[0m13:19:42.055749 [debug] [MainThread]: Sending event: {'category': 'dbt', 'action': 'invocation', 'label': 'start', 'context': [<snowplow_tracker.self_describing_json.SelfDescribingJson object at 0x7f06c97cdba0>, <snowplow_tracker.self_describing_json.SelfDescribingJson object at 0x7f06c97cf010>, <snowplow_tracker.self_describing_json.SelfDescribingJson object at 0x7f06c97cd270>]}
[0m13:19:42.060351 [debug] [MainThread]: Starter project path: /home/vscode/.local/lib/python3.10/site-packages/dbt/include/starter_project
[0m13:20:33.747916 [info ] [MainThread]: Profile coffee_shop_annikaroxanna written to /home/vscode/.dbt/profiles.yml using target's profile_template.yml and your supplied values. Run 'dbt debug' to validate the connection.
[0m13:20:33.749908 [info ] [MainThread]: 
Your new dbt project "coffee_shop_annikaroxanna" was created!

For more information on how to configure the profiles.yml file,
please consult the dbt documentation here:

  https://docs.getdbt.com/docs/configure-your-profile

One more thing:

Need help? Don't hesitate to reach out to us via GitHub issues or on Slack:

  https://community.getdbt.com/

Happy modeling!

[0m13:20:33.750886 [debug] [MainThread]: Sending event: {'category': 'dbt', 'action': 'invocation', 'label': 'end', 'context': [<snowplow_tracker.self_describing_json.SelfDescribingJson object at 0x7f06c97cfbe0>, <snowplow_tracker.self_describing_json.SelfDescribingJson object at 0x7f06c73b2cb0>, <snowplow_tracker.self_describing_json.SelfDescribingJson object at 0x7f06c73b1ed0>]}
[0m13:20:33.751651 [debug] [MainThread]: Flushing usage events
[0m08:49:58.212978 [debug] [MainThread]: Sending event: {'category': 'dbt', 'action': 'invocation', 'label': 'start', 'context': [<snowplow_tracker.self_describing_json.SelfDescribingJson object at 0x7fc2bce069b0>, <snowplow_tracker.self_describing_json.SelfDescribingJson object at 0x7fc2bbe93e20>, <snowplow_tracker.self_describing_json.SelfDescribingJson object at 0x7fc2bbe93bb0>]}


============================== 08:49:58.234331 | deb5d41c-0816-4727-9fe9-bf09817dea48 ==============================
[0m08:49:58.234331 [info ] [MainThread]: Running with dbt=1.6.0
[0m08:49:58.236023 [debug] [MainThread]: running dbt with arguments {'printer_width': '80', 'indirect_selection': 'eager', 'log_cache_events': 'False', 'write_json': 'True', 'partial_parse': 'True', 'cache_selected_only': 'False', 'profiles_dir': '/home/vscode/.dbt', 'version_check': 'True', 'warn_error': 'None', 'log_path': 'logs', 'debug': 'False', 'fail_fast': 'False', 'use_colors': 'True', 'use_experimental_parser': 'False', 'no_print': 'None', 'quiet': 'False', 'log_format': 'default', 'introspect': 'True', 'invocation_command': 'dbt run -m form_respondents --full-refresh', 'warn_error_options': 'WarnErrorOptions(include=[], exclude=[])', 'target_path': 'None', 'static_parser': 'True', 'send_anonymous_usage_stats': 'True'}
[0m08:49:58.237074 [error] [MainThread]: Encountered an error:
Runtime Error
  No dbt_project.yml found at expected path /workspaces/aec-club-annika/dbt_project.yml
  Verify that each entry within packages.yml (and their transitive dependencies) contains a file named dbt_project.yml
  
[0m08:49:58.239019 [debug] [MainThread]: Command `dbt run` failed at 08:49:58.238841 after 0.09 seconds
[0m08:49:58.239972 [debug] [MainThread]: Sending event: {'category': 'dbt', 'action': 'invocation', 'label': 'end', 'context': [<snowplow_tracker.self_describing_json.SelfDescribingJson object at 0x7fc2bce069b0>, <snowplow_tracker.self_describing_json.SelfDescribingJson object at 0x7fc2bbe3b250>, <snowplow_tracker.self_describing_json.SelfDescribingJson object at 0x7fc2bbe3b7f0>]}
[0m08:49:58.245148 [debug] [MainThread]: Flushing usage events
[0m08:51:44.566245 [debug] [MainThread]: Sending event: {'category': 'dbt', 'action': 'invocation', 'label': 'start', 'context': [<snowplow_tracker.self_describing_json.SelfDescribingJson object at 0x7f7212ef2a40>, <snowplow_tracker.self_describing_json.SelfDescribingJson object at 0x7f7211f9c1c0>, <snowplow_tracker.self_describing_json.SelfDescribingJson object at 0x7f7211f9c520>]}


============================== 08:51:44.569732 | 076e8e70-ba75-423e-be01-e2bd4c6155bd ==============================
[0m08:51:44.569732 [info ] [MainThread]: Running with dbt=1.6.0
[0m08:51:44.570589 [debug] [MainThread]: running dbt with arguments {'printer_width': '80', 'indirect_selection': 'eager', 'write_json': 'True', 'log_cache_events': 'False', 'partial_parse': 'True', 'cache_selected_only': 'False', 'warn_error': 'None', 'version_check': 'True', 'debug': 'False', 'log_path': 'logs', 'fail_fast': 'False', 'profiles_dir': '/home/vscode/.dbt', 'use_colors': 'True', 'use_experimental_parser': 'False', 'no_print': 'None', 'quiet': 'False', 'log_format': 'default', 'introspect': 'True', 'invocation_command': 'dbt run -m form_respondents --full-refresh', 'warn_error_options': 'WarnErrorOptions(include=[], exclude=[])', 'target_path': 'None', 'static_parser': 'True', 'send_anonymous_usage_stats': 'True'}
[0m08:51:44.571476 [error] [MainThread]: Encountered an error:
Runtime Error
  No dbt_project.yml found at expected path /workspaces/aec-club-annika/dbt_project.yml
  Verify that each entry within packages.yml (and their transitive dependencies) contains a file named dbt_project.yml
  
[0m08:51:44.572644 [debug] [MainThread]: Command `dbt run` failed at 08:51:44.572421 after 0.05 seconds
[0m08:51:44.573156 [debug] [MainThread]: Sending event: {'category': 'dbt', 'action': 'invocation', 'label': 'end', 'context': [<snowplow_tracker.self_describing_json.SelfDescribingJson object at 0x7f7212ef2a40>, <snowplow_tracker.self_describing_json.SelfDescribingJson object at 0x7f7211fa7fd0>, <snowplow_tracker.self_describing_json.SelfDescribingJson object at 0x7f7211fa7ac0>]}
[0m08:51:44.573690 [debug] [MainThread]: Flushing usage events
[0m08:54:57.714221 [debug] [MainThread]: Sending event: {'category': 'dbt', 'action': 'invocation', 'label': 'start', 'context': [<snowplow_tracker.self_describing_json.SelfDescribingJson object at 0x7f79fc5e2c50>, <snowplow_tracker.self_describing_json.SelfDescribingJson object at 0x7f79fb693e80>, <snowplow_tracker.self_describing_json.SelfDescribingJson object at 0x7f79fb693c10>]}


============================== 08:54:57.717512 | 22e1275c-a439-4562-8d81-f01a8dcfbc09 ==============================
[0m08:54:57.717512 [info ] [MainThread]: Running with dbt=1.6.0
[0m08:54:57.718403 [debug] [MainThread]: running dbt with arguments {'printer_width': '80', 'indirect_selection': 'eager', 'write_json': 'True', 'log_cache_events': 'False', 'partial_parse': 'True', 'cache_selected_only': 'False', 'profiles_dir': '/home/vscode/.dbt', 'version_check': 'True', 'debug': 'False', 'log_path': 'logs', 'fail_fast': 'False', 'warn_error': 'None', 'use_colors': 'True', 'use_experimental_parser': 'False', 'no_print': 'None', 'quiet': 'False', 'log_format': 'default', 'static_parser': 'True', 'warn_error_options': 'WarnErrorOptions(include=[], exclude=[])', 'invocation_command': 'dbt run -m form_respondents --full-refresh', 'target_path': 'None', 'introspect': 'True', 'send_anonymous_usage_stats': 'True'}
[0m08:54:57.719063 [error] [MainThread]: Encountered an error:
Runtime Error
  No dbt_project.yml found at expected path /workspaces/aec-club-annika/dbt_project.yml
  Verify that each entry within packages.yml (and their transitive dependencies) contains a file named dbt_project.yml
  
[0m08:54:57.719936 [debug] [MainThread]: Command `dbt run` failed at 08:54:57.719797 after 0.05 seconds
[0m08:54:57.720459 [debug] [MainThread]: Sending event: {'category': 'dbt', 'action': 'invocation', 'label': 'end', 'context': [<snowplow_tracker.self_describing_json.SelfDescribingJson object at 0x7f79fc5e2c50>, <snowplow_tracker.self_describing_json.SelfDescribingJson object at 0x7f79fb63f2b0>, <snowplow_tracker.self_describing_json.SelfDescribingJson object at 0x7f79fb63f850>]}
[0m08:54:57.721009 [debug] [MainThread]: Flushing usage events
[0m08:56:21.204811 [debug] [MainThread]: Sending event: {'category': 'dbt', 'action': 'invocation', 'label': 'start', 'context': [<snowplow_tracker.self_describing_json.SelfDescribingJson object at 0x7fb2622d2950>, <snowplow_tracker.self_describing_json.SelfDescribingJson object at 0x7fb261378430>, <snowplow_tracker.self_describing_json.SelfDescribingJson object at 0x7fb2613783a0>]}


============================== 08:56:21.210112 | e7ac9dd4-de45-4d09-97bb-a4c5a4b06adb ==============================
[0m08:56:21.210112 [info ] [MainThread]: Running with dbt=1.6.0
[0m08:56:21.211181 [debug] [MainThread]: running dbt with arguments {'printer_width': '80', 'indirect_selection': 'eager', 'log_cache_events': 'False', 'write_json': 'True', 'partial_parse': 'True', 'cache_selected_only': 'False', 'warn_error': 'None', 'debug': 'False', 'fail_fast': 'False', 'log_path': 'logs', 'profiles_dir': '/home/vscode/.dbt', 'version_check': 'True', 'use_colors': 'True', 'use_experimental_parser': 'False', 'no_print': 'None', 'quiet': 'False', 'log_format': 'default', 'introspect': 'True', 'invocation_command': 'dbt deps', 'warn_error_options': 'WarnErrorOptions(include=[], exclude=[])', 'target_path': 'None', 'static_parser': 'True', 'send_anonymous_usage_stats': 'True'}
[0m08:56:21.212444 [error] [MainThread]: Encountered an error:
Runtime Error
  No dbt_project.yml found at expected path /workspaces/aec-club-annika/dbt_project.yml
  Verify that each entry within packages.yml (and their transitive dependencies) contains a file named dbt_project.yml
  
[0m08:56:21.213604 [debug] [MainThread]: Command `dbt deps` failed at 08:56:21.213403 after 0.06 seconds
[0m08:56:21.214358 [debug] [MainThread]: Sending event: {'category': 'dbt', 'action': 'invocation', 'label': 'end', 'context': [<snowplow_tracker.self_describing_json.SelfDescribingJson object at 0x7fb2622d2950>, <snowplow_tracker.self_describing_json.SelfDescribingJson object at 0x7fb26132b700>, <snowplow_tracker.self_describing_json.SelfDescribingJson object at 0x7fb26132b850>]}
[0m08:56:21.214923 [debug] [MainThread]: Flushing usage events
